2023-10-25T09:19:38,176 [main] INFO  (JsonTestDataHelper.java:29) - JsonTestDataHelper created
2023-10-25T09:19:38,184 [main] INFO  (JsonTestDataHelper.java:37) - filePath: resources/testdata/purchase/purchaseProduct.json
2023-10-25T09:19:38,207 [main] INFO  (JsonTestDataHelper.java:40) - geTestData: [demoBlaze.models.testData.ProductSelection@18f20260, demoBlaze.models.testData.ProductSelection@4ae33a11, demoBlaze.models.testData.ProductSelection@7a48e6e2]
2023-10-25T09:36:07,185 [main] INFO  (JsonTestDataHelper.java:29) - JsonTestDataHelper created
2023-10-25T09:36:07,189 [main] INFO  (JsonTestDataHelper.java:37) - filePath: resources/testdata/purchase/purchaseProduct.json
2023-10-25T09:36:07,215 [main] INFO  (JsonTestDataHelper.java:40) - geTestData: [demoBlaze.models.testData.ProductSelection@25ddbbbb, demoBlaze.models.testData.ProductSelection@1536602f, demoBlaze.models.testData.ProductSelection@4ebea12c]
2023-10-25T09:36:11,543 [main] INFO  (BaseTest.java:37) - Navigate to https://www.demoblaze.com/
2023-10-25T09:36:19,616 [main] INFO  (BaseTest.java:67) - Closing the driver
2023-10-25T09:36:23,228 [main] INFO  (BaseTest.java:37) - Navigate to https://www.demoblaze.com/
2023-10-25T09:36:30,064 [main] INFO  (BaseTest.java:67) - Closing the driver
2023-10-25T09:36:33,790 [main] INFO  (BaseTest.java:37) - Navigate to https://www.demoblaze.com/
2023-10-25T09:36:40,809 [main] INFO  (BaseTest.java:67) - Closing the driver
2023-10-25T09:42:23,921 [main] INFO  (JsonTestDataHelper.java:29) - JsonTestDataHelper created
2023-10-25T09:42:23,927 [main] INFO  (JsonTestDataHelper.java:37) - filePath: resources/testdata/purchase/purchaseProduct.json
2023-10-25T09:42:23,949 [main] INFO  (JsonTestDataHelper.java:40) - geTestData: [demoBlaze.models.testData.ProductSelection@2a39fe6a, demoBlaze.models.testData.ProductSelection@410ae9a3, demoBlaze.models.testData.ProductSelection@319988b0]
2023-10-25T09:42:28,128 [main] INFO  (BaseTest.java:37) - Navigate to https://www.demoblaze.com/
2023-10-25T09:42:35,069 [main] INFO  (BaseTest.java:67) - Closing the driver
2023-10-25T09:42:39,627 [main] INFO  (BaseTest.java:37) - Navigate to https://www.demoblaze.com/
2023-10-25T09:42:47,050 [main] INFO  (BaseTest.java:67) - Closing the driver
2023-10-25T09:42:50,824 [main] INFO  (BaseTest.java:37) - Navigate to https://www.demoblaze.com/
2023-10-25T09:42:57,746 [main] INFO  (BaseTest.java:67) - Closing the driver
2023-10-25T09:47:40,046 [main] INFO  (JsonTestDataHelper.java:29) - JsonTestDataHelper created
2023-10-25T09:47:40,050 [main] INFO  (JsonTestDataHelper.java:37) - filePath: resources/testdata/purchase/purchaseProduct.json
2023-10-25T09:47:40,071 [main] INFO  (JsonTestDataHelper.java:40) - geTestData: [demoBlaze.models.testData.ProductSelection@3c0fae6c, demoBlaze.models.testData.ProductSelection@4c168660, demoBlaze.models.testData.ProductSelection@52b56a3e]
2023-10-25T09:47:43,983 [main] INFO  (BaseTest.java:37) - Navigate to https://www.demoblaze.com/
2023-10-25T09:47:51,050 [main] INFO  (BaseTest.java:67) - Closing the driver
2023-10-25T09:47:54,713 [main] INFO  (BaseTest.java:37) - Navigate to https://www.demoblaze.com/
2023-10-25T09:48:01,924 [main] INFO  (BaseTest.java:67) - Closing the driver
2023-10-25T09:48:05,681 [main] INFO  (BaseTest.java:37) - Navigate to https://www.demoblaze.com/
2023-10-25T09:48:12,925 [main] INFO  (BaseTest.java:67) - Closing the driver
2023-10-25T09:50:14,792 [main] INFO  (JsonTestDataHelper.java:29) - JsonTestDataHelper created
2023-10-25T09:50:14,797 [main] INFO  (JsonTestDataHelper.java:37) - filePath: resources/testdata/purchase/purchaseProduct.json
2023-10-25T09:50:14,820 [main] INFO  (JsonTestDataHelper.java:40) - geTestData: [demoBlaze.models.testData.ProductSelection@7c351808, demoBlaze.models.testData.ProductSelection@180e6ac4, demoBlaze.models.testData.ProductSelection@42b64ab8]
2023-10-25T09:50:19,582 [main] INFO  (BaseTest.java:37) - Navigate to https://www.demoblaze.com/
2023-10-25T09:50:26,582 [main] INFO  (BaseTest.java:67) - Closing the driver
2023-10-25T09:50:31,100 [main] INFO  (BaseTest.java:37) - Navigate to https://www.demoblaze.com/
2023-10-25T09:50:37,987 [main] INFO  (BaseTest.java:67) - Closing the driver
2023-10-25T09:50:42,486 [main] INFO  (BaseTest.java:37) - Navigate to https://www.demoblaze.com/
2023-10-25T09:51:03,250 [main] INFO  (BaseTest.java:67) - Closing the driver
2023-10-25T10:10:03,775 [TestNG-test=All Test firefox-1] INFO  (JsonTestDataHelper.java:29) - JsonTestDataHelper created
2023-10-25T10:10:03,780 [TestNG-test=All Test firefox-1] INFO  (JsonTestDataHelper.java:37) - filePath: resources/testdata/purchase/purchaseProduct.json
2023-10-25T10:10:03,803 [TestNG-test=All Test firefox-1] INFO  (JsonTestDataHelper.java:40) - geTestData: [demoBlaze.models.testData.ProductSelection@dd5f6ee, demoBlaze.models.testData.ProductSelection@7129b064, demoBlaze.models.testData.ProductSelection@55eea024]
2023-10-25T10:10:08,789 [TestNG-test=All Test firefox-1] INFO  (BaseTest.java:33) - Navigate to https://www.demoblaze.com/
2023-10-25T10:10:15,630 [TestNG-test=All Test firefox-1] INFO  (BaseTest.java:63) - Closing the driver
2023-10-25T10:10:20,468 [TestNG-test=All Test firefox-1] INFO  (BaseTest.java:33) - Navigate to https://www.demoblaze.com/
2023-10-25T10:10:29,506 [TestNG-test=All Test firefox-1] INFO  (BaseTest.java:63) - Closing the driver
2023-10-25T10:10:33,004 [TestNG-test=All Test firefox-1] INFO  (BaseTest.java:33) - Navigate to https://www.demoblaze.com/
2023-10-25T10:10:53,691 [TestNG-test=All Test firefox-1] INFO  (BaseTest.java:63) - Closing the driver
2023-10-25T10:10:53,694 [TestNG-test=All Test chrome-1] INFO  (JsonTestDataHelper.java:37) - filePath: resources/testdata/purchase/purchaseProduct.json
2023-10-25T10:10:53,695 [TestNG-test=All Test chrome-1] INFO  (JsonTestDataHelper.java:40) - geTestData: [demoBlaze.models.testData.ProductSelection@7805349a, demoBlaze.models.testData.ProductSelection@7c3aaf42, demoBlaze.models.testData.ProductSelection@39383ea1]
2023-10-25T10:10:56,932 [TestNG-test=All Test chrome-1] INFO  (BaseTest.java:33) - Navigate to https://www.demoblaze.com/
2023-10-25T10:11:01,905 [TestNG-test=All Test chrome-1] INFO  (BaseTest.java:63) - Closing the driver
2023-10-25T10:11:04,247 [TestNG-test=All Test chrome-1] INFO  (BaseTest.java:33) - Navigate to https://www.demoblaze.com/
2023-10-25T10:11:16,720 [TestNG-test=All Test chrome-1] INFO  (BaseTest.java:63) - Closing the driver
2023-10-25T10:11:19,144 [TestNG-test=All Test chrome-1] INFO  (BaseTest.java:33) - Navigate to https://www.demoblaze.com/
2023-10-25T10:11:40,130 [TestNG-test=All Test chrome-1] INFO  (BaseTest.java:63) - Closing the driver
2023-10-25T10:12:29,110 [main] INFO  (JsonTestDataHelper.java:29) - JsonTestDataHelper created
2023-10-25T10:12:29,114 [main] INFO  (JsonTestDataHelper.java:37) - filePath: resources/testdata/purchase/purchaseProduct.json
2023-10-25T10:12:29,136 [main] INFO  (JsonTestDataHelper.java:40) - geTestData: [demoBlaze.models.testData.ProductSelection@7c351808, demoBlaze.models.testData.ProductSelection@180e6ac4, demoBlaze.models.testData.ProductSelection@42b64ab8]
2023-10-25T10:13:41,741 [main] INFO  (JsonTestDataHelper.java:29) - JsonTestDataHelper created
2023-10-25T10:13:41,746 [main] INFO  (JsonTestDataHelper.java:37) - filePath: resources/testdata/purchase/purchaseProduct.json
2023-10-25T10:13:41,768 [main] INFO  (JsonTestDataHelper.java:40) - geTestData: [demoBlaze.models.testData.ProductSelection@423e4cbb, demoBlaze.models.testData.ProductSelection@6e16b8b5, demoBlaze.models.testData.ProductSelection@43b4fe19]
2023-10-25T10:14:09,188 [TestNG-test=All Test chrome-1] INFO  (JsonTestDataHelper.java:29) - JsonTestDataHelper created
2023-10-25T10:14:09,193 [TestNG-test=All Test chrome-1] INFO  (JsonTestDataHelper.java:37) - filePath: resources/testdata/purchase/purchaseProduct.json
2023-10-25T10:14:09,216 [TestNG-test=All Test chrome-1] INFO  (JsonTestDataHelper.java:40) - geTestData: [demoBlaze.models.testData.ProductSelection@2d1e8e3c, demoBlaze.models.testData.ProductSelection@18a801c, demoBlaze.models.testData.ProductSelection@45f6cb3d]
2023-10-25T10:14:12,136 [TestNG-test=All Test chrome-1] INFO  (BaseTest.java:33) - Navigate to https://www.demoblaze.com/
2023-10-25T10:14:16,829 [TestNG-test=All Test chrome-1] INFO  (BaseTest.java:63) - Closing the driver
2023-10-25T10:14:19,191 [TestNG-test=All Test chrome-1] INFO  (BaseTest.java:33) - Navigate to https://www.demoblaze.com/
2023-10-25T10:14:26,718 [TestNG-test=All Test chrome-1] INFO  (BaseTest.java:63) - Closing the driver
2023-10-25T10:14:29,142 [TestNG-test=All Test chrome-1] INFO  (BaseTest.java:33) - Navigate to https://www.demoblaze.com/
2023-10-25T10:14:50,164 [TestNG-test=All Test chrome-1] INFO  (BaseTest.java:63) - Closing the driver
2023-10-25T10:16:22,614 [main] INFO  (JsonTestDataHelper.java:29) - JsonTestDataHelper created
2023-10-25T10:16:22,619 [main] INFO  (JsonTestDataHelper.java:37) - filePath: resources/testdata/purchase/purchaseProduct.json
2023-10-25T10:16:22,643 [main] INFO  (JsonTestDataHelper.java:40) - geTestData: [demoBlaze.models.testData.ProductSelection@77192705, demoBlaze.models.testData.ProductSelection@226642a5, demoBlaze.models.testData.ProductSelection@7e809b79]
2023-10-25T10:16:25,450 [main] INFO  (BaseTest.java:33) - Navigate to https://www.demoblaze.com/
2023-10-25T10:16:31,145 [main] INFO  (BaseTest.java:63) - Closing the driver
2023-10-25T10:16:33,578 [main] INFO  (BaseTest.java:33) - Navigate to https://www.demoblaze.com/
2023-10-25T10:16:40,009 [main] INFO  (BaseTest.java:63) - Closing the driver
2023-10-25T10:16:42,466 [main] INFO  (BaseTest.java:33) - Navigate to https://www.demoblaze.com/
2023-10-25T10:17:03,642 [main] INFO  (BaseTest.java:63) - Closing the driver
2023-10-25T10:24:08,908 [main] INFO  (JsonTestDataHelper.java:29) - JsonTestDataHelper created
2023-10-25T10:24:08,912 [main] INFO  (JsonTestDataHelper.java:37) - filePath: resources/testdata/purchase/purchaseProduct.json
2023-10-25T10:24:08,937 [main] INFO  (JsonTestDataHelper.java:40) - geTestData: [demoBlaze.models.testData.ProductSelection@77192705, demoBlaze.models.testData.ProductSelection@226642a5, demoBlaze.models.testData.ProductSelection@7e809b79]
2023-10-25T10:24:11,761 [main] INFO  (BaseTest.java:33) - Navigate to https://www.demoblaze.com/
2023-10-25T10:24:20,538 [main] INFO  (BaseTest.java:63) - Closing the driver
2023-10-25T10:24:22,972 [main] INFO  (BaseTest.java:33) - Navigate to https://www.demoblaze.com/
2023-10-25T10:24:32,228 [main] INFO  (BaseTest.java:63) - Closing the driver
2023-10-25T10:24:35,009 [main] INFO  (BaseTest.java:33) - Navigate to https://www.demoblaze.com/
2023-10-25T10:24:55,967 [main] INFO  (BaseTest.java:63) - Closing the driver
2023-10-25T10:28:42,058 [main] INFO  (JsonTestDataHelper.java:29) - JsonTestDataHelper created
2023-10-25T10:28:42,064 [main] INFO  (JsonTestDataHelper.java:37) - filePath: resources/testdata/purchase/purchaseProduct.json
2023-10-25T10:28:42,088 [main] INFO  (JsonTestDataHelper.java:40) - geTestData: [demoBlaze.models.testData.ProductSelection@72bd06ca, demoBlaze.models.testData.ProductSelection@89c10b7, demoBlaze.models.testData.ProductSelection@5dbe30be]
2023-10-25T10:28:45,116 [main] INFO  (BaseTest.java:33) - Navigate to https://www.demoblaze.com/
2023-10-25T10:28:57,368 [main] INFO  (BaseTest.java:63) - Closing the driver
2023-10-25T10:29:00,441 [main] INFO  (BaseTest.java:33) - Navigate to https://www.demoblaze.com/
2023-10-25T10:29:13,812 [main] INFO  (BaseTest.java:63) - Closing the driver
2023-10-25T10:29:16,186 [main] INFO  (BaseTest.java:33) - Navigate to https://www.demoblaze.com/
2023-10-25T10:29:37,159 [main] INFO  (BaseTest.java:63) - Closing the driver
2023-10-25T10:35:17,355 [main] INFO  (JsonTestDataHelper.java:29) - JsonTestDataHelper created
2023-10-25T10:35:17,360 [main] INFO  (JsonTestDataHelper.java:37) - filePath: resources/testdata/purchase/purchaseProduct.json
2023-10-25T10:35:17,381 [main] INFO  (JsonTestDataHelper.java:40) - geTestData: [demoBlaze.models.testData.ProductSelection@3954d008, demoBlaze.models.testData.ProductSelection@2f94c4db, demoBlaze.models.testData.ProductSelection@593e824f]
2023-10-25T10:35:24,582 [main] INFO  (JsonTestDataHelper.java:29) - JsonTestDataHelper created
2023-10-25T10:35:24,588 [main] INFO  (JsonTestDataHelper.java:37) - filePath: resources/testdata/purchase/purchaseProduct.json
2023-10-25T10:35:24,610 [main] INFO  (JsonTestDataHelper.java:40) - geTestData: [demoBlaze.models.testData.ProductSelection@3d8bbcdc, demoBlaze.models.testData.ProductSelection@52500920, demoBlaze.models.testData.ProductSelection@117e0fe5]
2023-10-25T10:35:27,588 [main] INFO  (BaseTest.java:33) - Navigate to https://www.demoblaze.com/
2023-10-25T10:35:37,809 [main] INFO  (BaseTest.java:63) - Closing the driver
2023-10-25T10:35:40,159 [main] INFO  (BaseTest.java:33) - Navigate to https://www.demoblaze.com/
2023-10-25T10:35:50,109 [main] INFO  (BaseTest.java:63) - Closing the driver
2023-10-25T10:35:52,507 [main] INFO  (BaseTest.java:33) - Navigate to https://www.demoblaze.com/
2023-10-25T10:36:13,558 [main] INFO  (BaseTest.java:63) - Closing the driver
2023-10-25T10:36:33,666 [main] INFO  (JsonTestDataHelper.java:29) - JsonTestDataHelper created
2023-10-25T10:36:33,672 [main] INFO  (JsonTestDataHelper.java:37) - filePath: resources/testdata/purchase/purchaseProduct.json
2023-10-25T10:36:33,697 [main] INFO  (JsonTestDataHelper.java:40) - geTestData: [demoBlaze.models.testData.ProductSelection@2f058b8a, demoBlaze.models.testData.ProductSelection@756cf158, demoBlaze.models.testData.ProductSelection@3f2ef586]
2023-10-25T10:36:36,431 [main] INFO  (BaseTest.java:33) - Navigate to https://www.demoblaze.com/
2023-10-25T10:36:43,034 [main] INFO  (BaseTest.java:63) - Closing the driver
2023-10-25T10:36:45,650 [main] INFO  (BaseTest.java:33) - Navigate to https://www.demoblaze.com/
2023-10-25T10:36:53,620 [main] INFO  (BaseTest.java:63) - Closing the driver
2023-10-25T10:36:56,078 [main] INFO  (BaseTest.java:33) - Navigate to https://www.demoblaze.com/
2023-10-25T10:37:17,055 [main] INFO  (BaseTest.java:63) - Closing the driver
2023-10-25T10:41:40,123 [main] INFO  (JsonTestDataHelper.java:29) - JsonTestDataHelper created
2023-10-25T10:41:40,127 [main] INFO  (JsonTestDataHelper.java:37) - filePath: resources/testdata/purchase/purchaseProduct.json
2023-10-25T10:41:40,150 [main] INFO  (JsonTestDataHelper.java:40) - geTestData: [demoBlaze.models.testData.ProductSelection@7b139eab, demoBlaze.models.testData.ProductSelection@4e76dac, demoBlaze.models.testData.ProductSelection@611df6e3]
2023-10-25T10:41:45,119 [main] INFO  (BaseTest.java:33) - Navigate to https://www.demoblaze.com/
2023-10-25T10:41:54,019 [main] INFO  (BaseTest.java:63) - Closing the driver
2023-10-25T10:41:57,637 [main] INFO  (BaseTest.java:33) - Navigate to https://www.demoblaze.com/
2023-10-25T10:42:06,808 [main] INFO  (BaseTest.java:63) - Closing the driver
2023-10-25T10:42:10,549 [main] INFO  (BaseTest.java:33) - Navigate to https://www.demoblaze.com/
2023-10-25T10:42:31,270 [main] INFO  (BaseTest.java:63) - Closing the driver
2023-10-25T10:42:31,272 [main] INFO  (JsonTestDataHelper.java:37) - filePath: resources/testdata/purchase/purchaseProduct.json
2023-10-25T10:42:31,273 [main] INFO  (JsonTestDataHelper.java:40) - geTestData: [demoBlaze.models.testData.ProductSelection@4730e0f0, demoBlaze.models.testData.ProductSelection@506a1372, demoBlaze.models.testData.ProductSelection@1b7332a7]
2023-10-25T10:42:33,815 [main] INFO  (BaseTest.java:33) - Navigate to https://www.demoblaze.com/
2023-10-25T10:42:40,748 [main] INFO  (BaseTest.java:63) - Closing the driver
2023-10-25T10:42:43,259 [main] INFO  (BaseTest.java:33) - Navigate to https://www.demoblaze.com/
2023-10-25T10:42:49,646 [main] INFO  (BaseTest.java:63) - Closing the driver
2023-10-25T10:42:52,007 [main] INFO  (BaseTest.java:33) - Navigate to https://www.demoblaze.com/
2023-10-25T10:43:13,014 [main] INFO  (BaseTest.java:63) - Closing the driver
2023-10-25T10:44:01,152 [main] INFO  (JsonTestDataHelper.java:29) - JsonTestDataHelper created
2023-10-25T10:44:01,158 [main] INFO  (JsonTestDataHelper.java:37) - filePath: resources/testdata/purchase/purchaseProduct.json
2023-10-25T10:44:01,180 [main] INFO  (JsonTestDataHelper.java:40) - geTestData: [demoBlaze.models.testData.ProductSelection@52500920, demoBlaze.models.testData.ProductSelection@117e0fe5, demoBlaze.models.testData.ProductSelection@18a3962d]
2023-10-25T10:44:04,989 [main] INFO  (BaseTest.java:33) - Navigate to https://www.demoblaze.com/
2023-10-25T10:44:12,952 [main] INFO  (BaseTest.java:63) - Closing the driver
2023-10-25T10:44:17,275 [main] INFO  (BaseTest.java:33) - Navigate to https://www.demoblaze.com/
2023-10-25T10:44:24,418 [main] INFO  (BaseTest.java:63) - Closing the driver
2023-10-25T10:44:28,514 [main] INFO  (BaseTest.java:33) - Navigate to https://www.demoblaze.com/
2023-10-25T10:44:49,243 [main] INFO  (BaseTest.java:63) - Closing the driver
2023-10-25T10:44:49,246 [main] INFO  (JsonTestDataHelper.java:37) - filePath: resources/testdata/purchase/purchaseProduct.json
2023-10-25T10:44:49,246 [main] INFO  (JsonTestDataHelper.java:40) - geTestData: [demoBlaze.models.testData.ProductSelection@61a91c9b, demoBlaze.models.testData.ProductSelection@17092fff, demoBlaze.models.testData.ProductSelection@2121d1f9]
2023-10-25T10:44:51,935 [main] INFO  (BaseTest.java:33) - Navigate to https://www.demoblaze.com/
2023-10-25T10:44:58,606 [main] INFO  (BaseTest.java:63) - Closing the driver
2023-10-25T10:45:01,118 [main] INFO  (BaseTest.java:33) - Navigate to https://www.demoblaze.com/
2023-10-25T10:45:08,240 [main] INFO  (BaseTest.java:63) - Closing the driver
2023-10-25T10:45:10,916 [main] INFO  (BaseTest.java:33) - Navigate to https://www.demoblaze.com/
2023-10-25T10:45:31,899 [main] INFO  (BaseTest.java:63) - Closing the driver
2023-10-25T10:46:57,673 [main] INFO  (JsonTestDataHelper.java:29) - JsonTestDataHelper created
2023-10-25T10:46:57,678 [main] INFO  (JsonTestDataHelper.java:37) - filePath: resources/testdata/purchase/purchaseProduct.json
2023-10-25T10:46:57,701 [main] INFO  (JsonTestDataHelper.java:40) - geTestData: [demoBlaze.models.testData.ProductSelection@89c10b7, demoBlaze.models.testData.ProductSelection@5dbe30be, demoBlaze.models.testData.ProductSelection@4fe89c24]
2023-10-25T10:47:01,700 [main] INFO  (BaseTest.java:33) - Navigate to https://www.demoblaze.com/
2023-10-25T10:47:08,734 [main] INFO  (BaseTest.java:63) - Closing the driver
2023-10-25T10:47:13,279 [main] INFO  (BaseTest.java:33) - Navigate to https://www.demoblaze.com/
2023-10-25T10:47:20,323 [main] INFO  (BaseTest.java:63) - Closing the driver
2023-10-25T10:47:24,550 [main] INFO  (BaseTest.java:33) - Navigate to https://www.demoblaze.com/
2023-10-25T10:47:45,223 [main] INFO  (BaseTest.java:63) - Closing the driver
2023-10-25T10:47:45,225 [main] INFO  (JsonTestDataHelper.java:37) - filePath: resources/testdata/purchase/purchaseProduct.json
2023-10-25T10:47:45,226 [main] INFO  (JsonTestDataHelper.java:40) - geTestData: [demoBlaze.models.testData.ProductSelection@11eed657, demoBlaze.models.testData.ProductSelection@708f018e, demoBlaze.models.testData.ProductSelection@19a31b9d]
2023-10-25T10:47:47,634 [main] INFO  (BaseTest.java:33) - Navigate to https://www.demoblaze.com/
2023-10-25T10:47:56,808 [main] INFO  (BaseTest.java:63) - Closing the driver
2023-10-25T10:47:59,571 [main] INFO  (BaseTest.java:33) - Navigate to https://www.demoblaze.com/
2023-10-25T10:48:06,195 [main] INFO  (BaseTest.java:63) - Closing the driver
2023-10-25T10:48:08,743 [main] INFO  (BaseTest.java:33) - Navigate to https://www.demoblaze.com/
2023-10-25T10:48:29,714 [main] INFO  (BaseTest.java:63) - Closing the driver
2023-10-25T15:57:55,880 [main] INFO  (BaseTest.java:33) - Navigate to https://www.demoblaze.com
2023-10-25T15:57:57,226 [main] INFO  (BaseTest.java:63) - Closing the driver
2023-10-25T15:58:32,136 [main] INFO  (BaseTest.java:33) - Navigate to https://www.demoblaze.com
2023-10-25T15:58:33,509 [main] INFO  (BaseTest.java:63) - Closing the driver
2023-10-25T15:58:54,621 [main] INFO  (BaseTest.java:33) - Navigate to https://www.demoblaze.com
2023-10-25T15:58:56,087 [main] INFO  (BaseTest.java:63) - Closing the driver
2023-10-25T16:09:33,314 [main] INFO  (BaseTest.java:33) - Navigate to https://www.demoblaze.com
2023-10-25T16:09:36,526 [main] INFO  (BaseTest.java:63) - Closing the driver
2023-10-25T16:10:33,154 [main] INFO  (BaseTest.java:33) - Navigate to https://www.demoblaze.com
2023-10-25T16:10:34,577 [main] INFO  (BaseTest.java:63) - Closing the driver
2023-10-25T16:13:26,692 [main] INFO  (BaseTest.java:33) - Navigate to https://www.demoblaze.com
2023-10-25T16:13:28,068 [main] INFO  (BaseTest.java:63) - Closing the driver
2023-10-25T16:15:35,006 [main] INFO  (BaseTest.java:33) - Navigate to https://www.demoblaze.com
2023-10-25T16:15:38,023 [main] INFO  (BaseTest.java:63) - Closing the driver
2023-10-25T16:16:11,438 [main] INFO  (BaseTest.java:33) - Navigate to https://www.demoblaze.com
2023-10-25T16:16:13,839 [main] INFO  (BaseTest.java:63) - Closing the driver
2023-10-25T16:19:00,061 [main] INFO  (BaseTest.java:33) - Navigate to https://www.demoblaze.com
2023-10-25T16:19:03,279 [main] INFO  (BaseTest.java:63) - Closing the driver
2023-10-25T16:19:41,679 [main] INFO  (JsonTestDataHelper.java:29) - JsonTestDataHelper created
2023-10-25T16:19:41,683 [main] INFO  (JsonTestDataHelper.java:37) - filePath: resources/testdata/purchase/purchaseProduct.json
2023-10-25T16:19:41,717 [main] INFO  (JsonTestDataHelper.java:40) - geTestData: [demoBlaze.models.testData.ProductSelection@68759011, demoBlaze.models.testData.ProductSelection@7e242b4d, demoBlaze.models.testData.ProductSelection@305f031]
2023-10-25T16:19:44,774 [main] INFO  (BaseTest.java:33) - Navigate to https://www.demoblaze.com
2023-10-25T16:19:52,639 [main] INFO  (BaseTest.java:63) - Closing the driver
2023-10-25T16:19:55,244 [main] INFO  (BaseTest.java:33) - Navigate to https://www.demoblaze.com
2023-10-25T16:20:02,827 [main] INFO  (BaseTest.java:63) - Closing the driver
2023-10-25T16:20:05,617 [main] INFO  (BaseTest.java:33) - Navigate to https://www.demoblaze.com
2023-10-25T16:20:26,599 [main] INFO  (BaseTest.java:63) - Closing the driver
2023-10-25T16:47:57,066 [main] INFO  (JsonTestDataHelper.java:29) - JsonTestDataHelper created
2023-10-25T16:47:57,070 [main] INFO  (JsonTestDataHelper.java:37) - filePath: resources/testdata/login/validLoginData.json.json
2023-10-25T16:48:29,719 [main] INFO  (JsonTestDataHelper.java:29) - JsonTestDataHelper created
2023-10-25T16:48:29,723 [main] INFO  (JsonTestDataHelper.java:37) - filePath: resources/testdata/login/validLoginData.json
2023-10-25T16:48:29,744 [main] INFO  (JsonTestDataHelper.java:40) - geTestData: [demoBlaze.models.testData.LoginData@319988b0, demoBlaze.models.testData.LoginData@d5ae57e]
2023-10-25T16:48:32,849 [main] INFO  (BaseTest.java:33) - Navigate to https://www.demoblaze.com
2023-10-25T16:48:36,281 [main] INFO  (BaseTest.java:63) - Closing the driver
2023-10-25T16:48:38,775 [main] INFO  (BaseTest.java:33) - Navigate to https://www.demoblaze.com
2023-10-25T16:48:41,641 [main] INFO  (BaseTest.java:63) - Closing the driver
2023-10-25T16:54:40,936 [main] INFO  (JsonTestDataHelper.java:29) - JsonTestDataHelper created
2023-10-25T16:54:40,941 [main] INFO  (JsonTestDataHelper.java:37) - filePath: resources/testdata/login/validLoginData.json
2023-10-25T16:54:40,964 [main] INFO  (JsonTestDataHelper.java:40) - geTestData: [demoBlaze.models.testData.LoginData@6175619b, demoBlaze.models.testData.LoginData@2f058b8a]
2023-10-25T16:54:46,740 [main] INFO  (BaseTest.java:33) - Navigate to https://www.demoblaze.com/
2023-10-25T16:54:50,810 [main] INFO  (BaseTest.java:63) - Closing the driver
2023-10-25T16:54:55,033 [main] INFO  (BaseTest.java:33) - Navigate to https://www.demoblaze.com/
2023-10-25T16:54:58,515 [main] INFO  (BaseTest.java:63) - Closing the driver
2023-10-25T16:54:58,517 [main] INFO  (JsonTestDataHelper.java:37) - filePath: resources/testdata/login/validLoginData.json
2023-10-25T16:54:58,518 [main] INFO  (JsonTestDataHelper.java:40) - geTestData: [demoBlaze.models.testData.LoginData@21505815, demoBlaze.models.testData.LoginData@7e53339]
2023-10-25T16:55:01,121 [main] INFO  (BaseTest.java:33) - Navigate to https://www.demoblaze.com/
2023-10-25T16:55:04,963 [main] INFO  (BaseTest.java:63) - Closing the driver
2023-10-25T16:55:07,321 [main] INFO  (BaseTest.java:33) - Navigate to https://www.demoblaze.com/
2023-10-25T16:55:10,288 [main] INFO  (BaseTest.java:63) - Closing the driver
2023-10-25T16:55:59,034 [main] INFO  (JsonTestDataHelper.java:29) - JsonTestDataHelper created
2023-10-25T16:55:59,040 [main] INFO  (JsonTestDataHelper.java:37) - filePath: resources/testdata/login/validLoginData.json
2023-10-25T16:55:59,064 [main] INFO  (JsonTestDataHelper.java:40) - geTestData: [demoBlaze.models.testData.LoginData@751d3241, demoBlaze.models.testData.LoginData@76c7beb3]
2023-10-25T16:56:03,915 [main] INFO  (BaseTest.java:33) - Navigate to https://www.demoblaze.com/
2023-10-25T16:56:10,772 [main] INFO  (BaseTest.java:63) - Closing the driver
2023-10-25T16:56:15,916 [main] INFO  (BaseTest.java:33) - Navigate to https://www.demoblaze.com/
2023-10-25T16:56:19,381 [main] INFO  (BaseTest.java:63) - Closing the driver
2023-10-25T16:56:19,383 [main] INFO  (JsonTestDataHelper.java:37) - filePath: resources/testdata/purchase/purchaseProduct.json
2023-10-25T16:56:19,383 [main] INFO  (JsonTestDataHelper.java:40) - geTestData: [demoBlaze.models.testData.ProductSelection@2373ad99, demoBlaze.models.testData.ProductSelection@33634f04, demoBlaze.models.testData.ProductSelection@4993febc]
2023-10-25T16:56:23,360 [main] INFO  (BaseTest.java:33) - Navigate to https://www.demoblaze.com/
2023-10-25T16:56:31,295 [main] INFO  (BaseTest.java:63) - Closing the driver
2023-10-25T16:56:35,709 [main] INFO  (BaseTest.java:33) - Navigate to https://www.demoblaze.com/
2023-10-25T16:56:43,933 [main] INFO  (BaseTest.java:63) - Closing the driver
2023-10-25T16:56:47,546 [main] INFO  (BaseTest.java:33) - Navigate to https://www.demoblaze.com/
2023-10-25T16:57:08,389 [main] INFO  (BaseTest.java:63) - Closing the driver
2023-10-25T16:57:08,391 [main] INFO  (JsonTestDataHelper.java:37) - filePath: resources/testdata/login/validLoginData.json
2023-10-25T16:57:08,391 [main] INFO  (JsonTestDataHelper.java:40) - geTestData: [demoBlaze.models.testData.LoginData@3fc7c734, demoBlaze.models.testData.LoginData@f0a66bd]
2023-10-25T16:57:10,970 [main] INFO  (BaseTest.java:33) - Navigate to https://www.demoblaze.com/
2023-10-25T16:57:13,819 [main] INFO  (BaseTest.java:63) - Closing the driver
2023-10-25T16:57:16,301 [main] INFO  (BaseTest.java:33) - Navigate to https://www.demoblaze.com/
2023-10-25T16:57:19,173 [main] INFO  (BaseTest.java:63) - Closing the driver
2023-10-25T16:57:19,174 [main] INFO  (JsonTestDataHelper.java:37) - filePath: resources/testdata/purchase/purchaseProduct.json
2023-10-25T16:57:19,174 [main] INFO  (JsonTestDataHelper.java:40) - geTestData: [demoBlaze.models.testData.ProductSelection@5348d83c, demoBlaze.models.testData.ProductSelection@477021ee, demoBlaze.models.testData.ProductSelection@2180e789]
2023-10-25T16:57:21,739 [main] INFO  (BaseTest.java:33) - Navigate to https://www.demoblaze.com/
2023-10-25T16:57:30,953 [main] INFO  (BaseTest.java:63) - Closing the driver
2023-10-25T16:57:33,575 [main] INFO  (BaseTest.java:33) - Navigate to https://www.demoblaze.com/
2023-10-25T16:57:41,338 [main] INFO  (BaseTest.java:63) - Closing the driver
2023-10-25T16:57:46,726 [main] INFO  (BaseTest.java:33) - Navigate to https://www.demoblaze.com/
2023-10-25T16:58:07,675 [main] INFO  (BaseTest.java:63) - Closing the driver
2023-10-25T17:00:51,674 [main] INFO  (JsonTestDataHelper.java:29) - JsonTestDataHelper created
2023-10-25T17:00:51,680 [main] INFO  (JsonTestDataHelper.java:37) - filePath: resources/testdata/login/validLoginData.json
2023-10-25T17:00:51,702 [main] INFO  (JsonTestDataHelper.java:40) - geTestData: [demoBlaze.models.testData.LoginData@68759011, demoBlaze.models.testData.LoginData@7e242b4d]
2023-10-25T17:00:56,203 [main] INFO  (BaseTest.java:33) - Navigate to https://www.demoblaze.com
2023-10-25T17:00:59,719 [main] INFO  (BaseTest.java:63) - Closing the driver
2023-10-25T17:01:03,273 [main] INFO  (BaseTest.java:33) - Navigate to https://www.demoblaze.com
2023-10-25T17:01:07,925 [main] INFO  (BaseTest.java:63) - Closing the driver
2023-10-25T17:02:09,948 [main] INFO  (JsonTestDataHelper.java:29) - JsonTestDataHelper created
2023-10-25T17:02:09,953 [main] INFO  (JsonTestDataHelper.java:37) - filePath: resources/testdata/login/validLoginData.json
2023-10-25T17:02:09,973 [main] INFO  (JsonTestDataHelper.java:40) - geTestData: [demoBlaze.models.testData.LoginData@76c7beb3, demoBlaze.models.testData.LoginData@64337702]
2023-10-25T17:02:42,741 [main] INFO  (JsonTestDataHelper.java:29) - JsonTestDataHelper created
2023-10-25T17:02:42,746 [main] INFO  (JsonTestDataHelper.java:37) - filePath: resources/testdata/login/validLoginData.json
2023-10-25T17:02:42,767 [main] INFO  (JsonTestDataHelper.java:40) - geTestData: [demoBlaze.models.testData.LoginData@64337702, demoBlaze.models.testData.LoginData@2cf92cc7]
2023-10-25T17:02:47,158 [main] INFO  (BaseTest.java:33) - Navigate to https://www.demoblaze.com/
2023-10-25T17:02:51,227 [main] INFO  (BaseTest.java:63) - Closing the driver
2023-10-25T17:02:55,769 [main] INFO  (BaseTest.java:33) - Navigate to https://www.demoblaze.com/
2023-10-25T17:02:59,878 [main] INFO  (BaseTest.java:63) - Closing the driver
2023-10-25T17:02:59,880 [main] INFO  (JsonTestDataHelper.java:37) - filePath: resources/testdata/purchase/purchaseProduct.json
2023-10-25T17:02:59,880 [main] INFO  (JsonTestDataHelper.java:40) - geTestData: [demoBlaze.models.testData.ProductSelection@1c26273d, demoBlaze.models.testData.ProductSelection@3a37a501]
2023-10-25T17:03:03,836 [main] INFO  (BaseTest.java:33) - Navigate to https://www.demoblaze.com/
2023-10-25T17:03:12,345 [main] INFO  (BaseTest.java:63) - Closing the driver
2023-10-25T17:03:16,173 [main] INFO  (BaseTest.java:33) - Navigate to https://www.demoblaze.com/
2023-10-25T17:03:23,082 [main] INFO  (BaseTest.java:63) - Closing the driver
2023-10-25T17:03:23,084 [main] INFO  (JsonTestDataHelper.java:37) - filePath: resources/testdata/login/validLoginData.json
2023-10-25T17:03:23,084 [main] INFO  (JsonTestDataHelper.java:40) - geTestData: [demoBlaze.models.testData.LoginData@7885776b, demoBlaze.models.testData.LoginData@497d4c96]
2023-10-25T17:03:25,536 [main] INFO  (BaseTest.java:33) - Navigate to https://www.demoblaze.com/
2023-10-25T17:03:28,942 [main] INFO  (BaseTest.java:63) - Closing the driver
2023-10-25T17:03:31,505 [main] INFO  (BaseTest.java:33) - Navigate to https://www.demoblaze.com/
2023-10-25T17:03:34,538 [main] INFO  (BaseTest.java:63) - Closing the driver
2023-10-25T17:03:34,539 [main] INFO  (JsonTestDataHelper.java:37) - filePath: resources/testdata/purchase/purchaseProduct.json
2023-10-25T17:03:34,539 [main] INFO  (JsonTestDataHelper.java:40) - geTestData: [demoBlaze.models.testData.ProductSelection@e3b0369, demoBlaze.models.testData.ProductSelection@45843650]
2023-10-25T17:03:36,954 [main] INFO  (BaseTest.java:33) - Navigate to https://www.demoblaze.com/
2023-10-25T17:03:44,520 [main] INFO  (BaseTest.java:63) - Closing the driver
2023-10-25T17:03:47,124 [main] INFO  (BaseTest.java:33) - Navigate to https://www.demoblaze.com/
2023-10-25T17:03:54,784 [main] INFO  (BaseTest.java:63) - Closing the driver
2023-10-25T17:08:41,731 [main] INFO  (JsonTestDataHelper.java:29) - JsonTestDataHelper created
2023-10-25T17:08:41,736 [main] INFO  (JsonTestDataHelper.java:37) - filePath: resources/testdata/login/validLoginData.json
2023-10-25T17:08:41,762 [main] INFO  (JsonTestDataHelper.java:40) - geTestData: [demoBlaze.models.testData.LoginData@5dbe30be, demoBlaze.models.testData.LoginData@4fe89c24, demoBlaze.models.testData.LoginData@55795845]
2023-10-25T17:08:46,146 [main] INFO  (BaseTest.java:33) - Navigate to https://www.demoblaze.com/
2023-10-25T17:08:50,307 [main] INFO  (BaseTest.java:63) - Closing the driver
2023-10-25T17:08:54,267 [main] INFO  (BaseTest.java:33) - Navigate to https://www.demoblaze.com/
2023-10-25T17:08:58,871 [main] INFO  (BaseTest.java:63) - Closing the driver
2023-10-25T17:09:02,581 [main] INFO  (BaseTest.java:33) - Navigate to https://www.demoblaze.com/
2023-10-25T17:09:05,569 [main] INFO  (BaseTest.java:63) - Closing the driver
2023-10-25T17:09:05,571 [main] INFO  (JsonTestDataHelper.java:37) - filePath: resources/testdata/login/validLoginData.json
2023-10-25T17:09:05,572 [main] INFO  (JsonTestDataHelper.java:40) - geTestData: [demoBlaze.models.testData.LoginData@d5556bf, demoBlaze.models.testData.LoginData@791c12e3, demoBlaze.models.testData.LoginData@b112b13]
2023-10-25T17:09:08,019 [main] INFO  (BaseTest.java:33) - Navigate to https://www.demoblaze.com/
2023-10-25T17:09:12,088 [main] INFO  (BaseTest.java:63) - Closing the driver
2023-10-25T17:09:14,942 [main] INFO  (BaseTest.java:33) - Navigate to https://www.demoblaze.com/
2023-10-25T17:09:18,370 [main] INFO  (BaseTest.java:63) - Closing the driver
2023-10-25T17:09:20,946 [main] INFO  (BaseTest.java:33) - Navigate to https://www.demoblaze.com/
2023-10-25T17:09:22,550 [main] INFO  (BaseTest.java:63) - Closing the driver
